<?xml version="1.0" encoding="UTF-8"?>
<testsuite name="GradleNumerosPrimos.AppTest" tests="1" skipped="0" failures="0" errors="0" timestamp="2023-03-31T07:33:27" hostname="C12-07" time="0.028">
  <properties/>
  <testcase name="appHasAGreeting()" classname="GradleNumerosPrimos.AppTest" time="0.028"/>
  <system-out><![CDATA[]]></system-out>
  <system-err><![CDATA[]]></system-err>
</testsuite>
